<?xml version="1.0" encoding="UTF-8"?>
<coverage generated="1719488413267" clover="3.2.0">
  <project timestamp="1719488413267" name="All files">
    <metrics statements="115" coveredstatements="111" conditionals="14" coveredconditionals="13" methods="3" coveredmethods="3" elements="132" coveredelements="127" complexity="0" loc="115" ncloc="115" packages="1" files="3" classes="3"/>
    <file name="01-requestcount.js" path="/Users/sneiden/100x-devs-cohort-2/full-stack/assignments/week-3/01-middlewares/01-requestcount.js">
      <metrics statements="32" coveredstatements="31" conditionals="3" coveredconditionals="3" methods="1" coveredmethods="1"/>
      <line num="1" count="1" type="stmt"/>
      <line num="2" count="1" type="stmt"/>
      <line num="3" count="1" type="stmt"/>
      <line num="4" count="1" type="stmt"/>
      <line num="5" count="1" type="stmt"/>
      <line num="6" count="1" type="stmt"/>
      <line num="7" count="1" type="stmt"/>
      <line num="8" count="1" type="stmt"/>
      <line num="9" count="12" type="cond" truecount="1" falsecount="0"/>
      <line num="10" count="12" type="stmt"/>
      <line num="11" count="12" type="stmt"/>
      <line num="12" count="12" type="stmt"/>
      <line num="13" count="1" type="stmt"/>
      <line num="14" count="1" type="stmt"/>
      <line num="15" count="1" type="stmt"/>
      <line num="16" count="1" type="stmt"/>
      <line num="17" count="1" type="stmt"/>
      <line num="18" count="1" type="stmt"/>
      <line num="19" count="1" type="stmt"/>
      <line num="20" count="1" type="cond" truecount="1" falsecount="0"/>
      <line num="21" count="10" type="stmt"/>
      <line num="22" count="1" type="stmt"/>
      <line num="23" count="1" type="stmt"/>
      <line num="24" count="1" type="stmt"/>
      <line num="25" count="0" type="stmt"/>
      <line num="26" count="1" type="stmt"/>
      <line num="27" count="1" type="stmt"/>
      <line num="28" count="1" type="cond" truecount="1" falsecount="0"/>
      <line num="29" count="2" type="stmt"/>
      <line num="30" count="1" type="stmt"/>
      <line num="31" count="1" type="stmt"/>
      <line num="32" count="1" type="stmt"/>
    </file>
    <file name="02-ratelimitter.js" path="/Users/sneiden/100x-devs-cohort-2/full-stack/assignments/week-3/01-middlewares/02-ratelimitter.js">
      <metrics statements="48" coveredstatements="47" conditionals="7" coveredconditionals="7" methods="1" coveredmethods="1"/>
      <line num="1" count="1" type="stmt"/>
      <line num="2" count="1" type="stmt"/>
      <line num="3" count="1" type="stmt"/>
      <line num="4" count="1" type="stmt"/>
      <line num="5" count="1" type="stmt"/>
      <line num="6" count="1" type="stmt"/>
      <line num="7" count="1" type="stmt"/>
      <line num="8" count="1" type="stmt"/>
      <line num="9" count="1" type="stmt"/>
      <line num="10" count="1" type="stmt"/>
      <line num="11" count="1" type="stmt"/>
      <line num="12" count="1" type="stmt"/>
      <line num="13" count="1" type="stmt"/>
      <line num="14" count="1" type="stmt"/>
      <line num="15" count="1" type="cond" truecount="1" falsecount="0"/>
      <line num="16" count="2" type="stmt"/>
      <line num="17" count="1" type="stmt"/>
      <line num="18" count="1" type="stmt"/>
      <line num="19" count="13" type="cond" truecount="1" falsecount="0"/>
      <line num="20" count="13" type="stmt"/>
      <line num="21" count="13" type="stmt"/>
      <line num="22" count="13" type="stmt"/>
      <line num="23" count="13" type="cond" truecount="1" falsecount="0"/>
      <line num="24" count="11" type="stmt"/>
      <line num="25" count="11" type="cond" truecount="1" falsecount="0"/>
      <line num="26" count="7" type="stmt"/>
      <line num="27" count="11" type="cond" truecount="1" falsecount="0"/>
      <line num="28" count="4" type="stmt"/>
      <line num="29" count="4" type="stmt"/>
      <line num="30" count="11" type="stmt"/>
      <line num="31" count="13" type="cond" truecount="1" falsecount="0"/>
      <line num="32" count="2" type="stmt"/>
      <line num="33" count="2" type="stmt"/>
      <line num="34" count="2" type="stmt"/>
      <line num="35" count="13" type="stmt"/>
      <line num="36" count="13" type="stmt"/>
      <line num="37" count="1" type="stmt"/>
      <line num="38" count="1" type="stmt"/>
      <line num="39" count="1" type="stmt"/>
      <line num="40" count="1" type="cond" truecount="1" falsecount="0"/>
      <line num="41" count="6" type="stmt"/>
      <line num="42" count="1" type="stmt"/>
      <line num="43" count="1" type="stmt"/>
      <line num="44" count="1" type="stmt"/>
      <line num="45" count="0" type="stmt"/>
      <line num="46" count="1" type="stmt"/>
      <line num="47" count="1" type="stmt"/>
      <line num="48" count="1" type="stmt"/>
    </file>
    <file name="03-errorcount.js" path="/Users/sneiden/100x-devs-cohort-2/full-stack/assignments/week-3/01-middlewares/03-errorcount.js">
      <metrics statements="35" coveredstatements="33" conditionals="4" coveredconditionals="3" methods="1" coveredmethods="1"/>
      <line num="1" count="1" type="stmt"/>
      <line num="2" count="1" type="stmt"/>
      <line num="3" count="1" type="stmt"/>
      <line num="4" count="1" type="stmt"/>
      <line num="5" count="1" type="stmt"/>
      <line num="6" count="1" type="stmt"/>
      <line num="7" count="1" type="stmt"/>
      <line num="8" count="11" type="cond" truecount="1" falsecount="0"/>
      <line num="9" count="11" type="stmt"/>
      <line num="10" count="11" type="stmt"/>
      <line num="11" count="11" type="stmt"/>
      <line num="12" count="11" type="stmt"/>
      <line num="13" count="1" type="stmt"/>
      <line num="14" count="1" type="stmt"/>
      <line num="15" count="1" type="stmt"/>
      <line num="16" count="1" type="stmt"/>
      <line num="17" count="1" type="stmt"/>
      <line num="18" count="1" type="stmt"/>
      <line num="19" count="1" type="stmt"/>
      <line num="20" count="1" type="cond" truecount="1" falsecount="0"/>
      <line num="21" count="11" type="cond" truecount="0" falsecount="1"/>
      <line num="22" count="0" type="stmt"/>
      <line num="23" count="1" type="stmt"/>
      <line num="24" count="1" type="stmt"/>
      <line num="25" count="1" type="stmt"/>
      <line num="26" count="0" type="stmt"/>
      <line num="27" count="1" type="stmt"/>
      <line num="28" count="1" type="stmt"/>
      <line num="29" count="1" type="cond" truecount="1" falsecount="0"/>
      <line num="30" count="2" type="stmt"/>
      <line num="31" count="1" type="stmt"/>
      <line num="32" count="1" type="stmt"/>
      <line num="33" count="1" type="stmt"/>
      <line num="34" count="1" type="stmt"/>
      <line num="35" count="1" type="stmt"/>
    </file>
  </project>
</coverage>
