TN:
SF:01-requestcount.js
FN:9,requestCounter
FNF:1
FNH:1
FNDA:12,requestCounter
DA:1,1
DA:2,1
DA:3,1
DA:4,1
DA:5,1
DA:6,1
DA:7,1
DA:8,1
DA:9,12
DA:10,12
DA:11,12
DA:12,12
DA:13,1
DA:14,1
DA:15,1
DA:16,1
DA:17,1
DA:18,1
DA:19,1
DA:20,1
DA:21,10
DA:22,1
DA:23,1
DA:24,1
DA:25,0
DA:26,1
DA:27,1
DA:28,1
DA:29,2
DA:30,1
DA:31,1
DA:32,1
LF:32
LH:31
BRDA:9,0,0,12
BRDA:20,1,0,10
BRDA:28,2,0,2
BRF:3
BRH:3
end_of_record
TN:
SF:02-ratelimitter.js
FN:19,rateLimitter
FNF:1
FNH:1
FNDA:13,rateLimitter
DA:1,1
DA:2,1
DA:3,1
DA:4,1
DA:5,1
DA:6,1
DA:7,1
DA:8,1
DA:9,1
DA:10,1
DA:11,1
DA:12,1
DA:13,1
DA:14,1
DA:15,1
DA:16,2
DA:17,1
DA:18,1
DA:19,13
DA:20,13
DA:21,13
DA:22,13
DA:23,13
DA:24,11
DA:25,11
DA:26,7
DA:27,11
DA:28,4
DA:29,4
DA:30,11
DA:31,13
DA:32,2
DA:33,2
DA:34,2
DA:35,13
DA:36,13
DA:37,1
DA:38,1
DA:39,1
DA:40,1
DA:41,6
DA:42,1
DA:43,1
DA:44,1
DA:45,0
DA:46,1
DA:47,1
DA:48,1
LF:48
LH:47
BRDA:15,0,0,2
BRDA:19,1,0,13
BRDA:23,2,0,11
BRDA:25,3,0,7
BRDA:27,4,0,4
BRDA:31,5,0,2
BRDA:40,6,0,6
BRF:7
BRH:7
end_of_record
TN:
SF:03-errorcount.js
FN:8,errorCounter
FNF:1
FNH:1
FNDA:11,errorCounter
DA:1,1
DA:2,1
DA:3,1
DA:4,1
DA:5,1
DA:6,1
DA:7,1
DA:8,11
DA:9,11
DA:10,11
DA:11,11
DA:12,11
DA:13,1
DA:14,1
DA:15,1
DA:16,1
DA:17,1
DA:18,1
DA:19,1
DA:20,1
DA:21,11
DA:22,0
DA:23,1
DA:24,1
DA:25,1
DA:26,0
DA:27,1
DA:28,1
DA:29,1
DA:30,2
DA:31,1
DA:32,1
DA:33,1
DA:34,1
DA:35,1
LF:35
LH:33
BRDA:8,0,0,11
BRDA:20,1,0,11
BRDA:21,2,0,0
BRDA:29,3,0,2
BRF:4
BRH:3
end_of_record
